<?xml version="1.0" encoding="UTF-8"?>
<<<<<<< HEAD
<testsuite xmlns:xsi="http://www.w3.org/2001/XMLSchema-instance" xsi:noNamespaceSchemaLocation="https://maven.apache.org/surefire/maven-surefire-plugin/xsd/surefire-test-report-3.0.xsd" version="3.0" name="shapes.TriangleTest" time="0.031" tests="11" errors="0" skipped="0" failures="0">
=======
<testsuite xmlns:xsi="http://www.w3.org/2001/XMLSchema-instance" xsi:noNamespaceSchemaLocation="https://maven.apache.org/surefire/maven-surefire-plugin/xsd/surefire-test-report-3.0.xsd" version="3.0" name="shapes.TriangleTest" time="0.086" tests="1" errors="0" skipped="0" failures="0">
>>>>>>> 9e42618 (composable 1er version)
  <properties>
    <property name="java.specification.version" value="17"/>
    <property name="sun.jnu.encoding" value="UTF-8"/>
    <property name="java.class.path" value="/home/bastien/M1MIAGE/TP PC/persistence/target/test-classes:/home/bastien/M1MIAGE/TP PC/persistence/target/classes:/home/bastien/.m2/repository/org/glassfish/javax.json/1.1.4/javax.json-1.1.4.jar:/home/bastien/.m2/repository/org/junit/jupiter/junit-jupiter-engine/5.4.0/junit-jupiter-engine-5.4.0.jar:/home/bastien/.m2/repository/org/apiguardian/apiguardian-api/1.0.0/apiguardian-api-1.0.0.jar:/home/bastien/.m2/repository/org/junit/platform/junit-platform-engine/1.4.0/junit-platform-engine-1.4.0.jar:/home/bastien/.m2/repository/org/opentest4j/opentest4j/1.1.1/opentest4j-1.1.1.jar:/home/bastien/.m2/repository/org/junit/platform/junit-platform-commons/1.4.0/junit-platform-commons-1.4.0.jar:/home/bastien/.m2/repository/org/junit/jupiter/junit-jupiter-api/5.4.0/junit-jupiter-api-5.4.0.jar:/home/bastien/.m2/repository/edu/uga/miage/m1/edu.uga.singleshape/1.0.0/edu.uga.singleshape-1.0.0.jar:"/>
    <property name="java.vm.vendor" value="Private Build"/>
    <property name="sun.arch.data.model" value="64"/>
    <property name="sun.font.fontmanager" value="sun.awt.X11FontManager"/>
    <property name="java.vendor.url" value="Unknown"/>
    <property name="os.name" value="Linux"/>
    <property name="java.vm.specification.version" value="17"/>
    <property name="sun.java.launcher" value="SUN_STANDARD"/>
    <property name="user.country" value="US"/>
<<<<<<< HEAD
    <property name="sun.boot.library.path" value="C:\Users\rguendouz\.p2\pool\plugins\org.eclipse.justj.openjdk.hotspot.jre.full.win32.x86_64_17.0.8.v20230831-1047\jre\bin"/>
    <property name="sun.java.command" value="C:\Users\rguendouz\AppData\Local\Temp\surefire8950782875397005948\surefirebooter2124873404259980026.jar C:\Users\rguendouz\AppData\Local\Temp\surefire8950782875397005948 2023-11-17T20-21-34_440-jvmRun1 surefire14474881236475449375tmp surefire_09014574985697992788tmp"/>
=======
    <property name="sun.boot.library.path" value="/usr/lib/jvm/java-17-openjdk-amd64/lib"/>
    <property name="sun.java.command" value="/home/bastien/M1MIAGE/TP PC/persistence/target/surefire/surefirebooter6020065823470003240.jar /home/bastien/M1MIAGE/TP PC/persistence/target/surefire 2023-11-18T23-58-32_878-jvmRun1 surefire10014161397674930603tmp surefire_015575217435429225207tmp"/>
>>>>>>> 9e42618 (composable 1er version)
    <property name="jdk.debug" value="release"/>
    <property name="surefire.test.class.path" value="/home/bastien/M1MIAGE/TP PC/persistence/target/test-classes:/home/bastien/M1MIAGE/TP PC/persistence/target/classes:/home/bastien/.m2/repository/org/glassfish/javax.json/1.1.4/javax.json-1.1.4.jar:/home/bastien/.m2/repository/org/junit/jupiter/junit-jupiter-engine/5.4.0/junit-jupiter-engine-5.4.0.jar:/home/bastien/.m2/repository/org/apiguardian/apiguardian-api/1.0.0/apiguardian-api-1.0.0.jar:/home/bastien/.m2/repository/org/junit/platform/junit-platform-engine/1.4.0/junit-platform-engine-1.4.0.jar:/home/bastien/.m2/repository/org/opentest4j/opentest4j/1.1.1/opentest4j-1.1.1.jar:/home/bastien/.m2/repository/org/junit/platform/junit-platform-commons/1.4.0/junit-platform-commons-1.4.0.jar:/home/bastien/.m2/repository/org/junit/jupiter/junit-jupiter-api/5.4.0/junit-jupiter-api-5.4.0.jar:/home/bastien/.m2/repository/edu/uga/miage/m1/edu.uga.singleshape/1.0.0/edu.uga.singleshape-1.0.0.jar:"/>
    <property name="sun.cpu.endian" value="little"/>
    <property name="user.home" value="/home/bastien"/>
    <property name="user.language" value="en"/>
    <property name="java.specification.vendor" value="Oracle Corporation"/>
    <property name="java.version.date" value="2023-08-24"/>
    <property name="java.home" value="/usr/lib/jvm/java-17-openjdk-amd64"/>
    <property name="file.separator" value="/"/>
    <property name="basedir" value="/home/bastien/M1MIAGE/TP PC/persistence"/>
    <property name="java.vm.compressedOopsMode" value="32-bit"/>
    <property name="line.separator" value="&#10;"/>
    <property name="java.vm.specification.vendor" value="Oracle Corporation"/>
    <property name="java.specification.name" value="Java Platform API Specification"/>
<<<<<<< HEAD
    <property name="surefire.real.class.path" value="C:\Users\rguendouz\AppData\Local\Temp\surefire8950782875397005948\surefirebooter2124873404259980026.jar"/>
    <property name="user.script" value=""/>
=======
    <property name="surefire.real.class.path" value="/home/bastien/M1MIAGE/TP PC/persistence/target/surefire/surefirebooter6020065823470003240.jar"/>
>>>>>>> 9e42618 (composable 1er version)
    <property name="sun.management.compiler" value="HotSpot 64-Bit Tiered Compilers"/>
    <property name="java.runtime.version" value="17.0.8.1+1-Ubuntu-0ubuntu122.04"/>
    <property name="user.name" value="bastien"/>
    <property name="path.separator" value=":"/>
    <property name="os.version" value="6.2.0-36-generic"/>
    <property name="java.runtime.name" value="OpenJDK Runtime Environment"/>
    <property name="file.encoding" value="UTF-8"/>
    <property name="java.vm.name" value="OpenJDK 64-Bit Server VM"/>
    <property name="localRepository" value="/home/bastien/.m2/repository"/>
    <property name="java.vendor.url.bug" value="Unknown"/>
    <property name="java.io.tmpdir" value="/tmp"/>
    <property name="java.version" value="17.0.8.1"/>
    <property name="user.dir" value="/home/bastien/M1MIAGE/TP PC/persistence"/>
    <property name="os.arch" value="amd64"/>
    <property name="java.vm.specification.name" value="Java Virtual Machine Specification"/>
    <property name="native.encoding" value="UTF-8"/>
    <property name="java.library.path" value="/usr/java/packages/lib:/usr/lib/x86_64-linux-gnu/jni:/lib/x86_64-linux-gnu:/usr/lib/x86_64-linux-gnu:/usr/lib/jni:/lib:/usr/lib"/>
    <property name="java.vm.info" value="mixed mode, sharing"/>
    <property name="java.vendor" value="Private Build"/>
    <property name="java.vm.version" value="17.0.8.1+1-Ubuntu-0ubuntu122.04"/>
    <property name="sun.io.unicode.encoding" value="UnicodeLittle"/>
    <property name="java.class.version" value="61.0"/>
  </properties>
<<<<<<< HEAD
  <testcase name="testNegativeCoordinates" classname="shapes.TriangleTest" time="0.009"/>
  <testcase name="testTypeOfShape" classname="shapes.TriangleTest" time="0.001"/>
  <testcase name="testExtremeCoordinates" classname="shapes.TriangleTest" time="0.002"/>
  <testcase name="testDraw" classname="shapes.TriangleTest" time="0.008"/>
  <testcase name="testGetX" classname="shapes.TriangleTest" time="0.001"/>
  <testcase name="testGetY" classname="shapes.TriangleTest" time="0"/>
  <testcase name="testSetX" classname="shapes.TriangleTest" time="0"/>
  <testcase name="testSetY" classname="shapes.TriangleTest" time="0"/>
  <testcase name="testConstructorWithCoordinates" classname="shapes.TriangleTest" time="0"/>
  <testcase name="testContains" classname="shapes.TriangleTest" time="0"/>
  <testcase name="testConstructorWithSimpleShape" classname="shapes.TriangleTest" time="0"/>
=======
  <testcase name="testDraw" classname="shapes.TriangleTest" time="0.085"/>
>>>>>>> 9e42618 (composable 1er version)
</testsuite>